  Snake.cpp
d:\study\compro1\labcompro\assingment\gamev2\snake\snake\snake.cpp(55): warning C4018: '<': signed/unsigned mismatch
d:\study\compro1\labcompro\assingment\gamev2\snake\snake\snake.cpp(65): warning C4018: '<': signed/unsigned mismatch
d:\study\compro1\labcompro\assingment\gamev2\snake\snake\snake.cpp(314): warning C4244: 'argument': conversion from 'time_t' to 'unsigned int', possible loss of data
d:\study\compro1\labcompro\assingment\gamev2\snake\snake\snake.cpp(325): warning C4244: 'initializing': conversion from 'float' to 'int', possible loss of data
d:\study\compro1\labcompro\assingment\gamev2\snake\snake\snake.cpp(337): warning C4244: '=': conversion from 'time_t' to 'int', possible loss of data
d:\study\compro1\labcompro\assingment\gamev2\snake\snake\snake.cpp(345): warning C4244: 'initializing': conversion from 'float' to 'int', possible loss of data
d:\study\compro1\labcompro\assingment\gamev2\snake\snake\snake.cpp(357): warning C4244: 'argument': conversion from 'int' to 'float', possible loss of data
d:\study\compro1\labcompro\assingment\gamev2\snake\snake\snake.cpp(414): warning C4018: '<': signed/unsigned mismatch
d:\study\compro1\labcompro\assingment\gamev2\snake\snake\snake.cpp(470): warning C4018: '<': signed/unsigned mismatch
d:\study\compro1\labcompro\assingment\gamev2\snake\snake\snake.cpp(506): warning C4018: '<': signed/unsigned mismatch
d:\study\compro1\labcompro\assingment\gamev2\snake\snake\snake.cpp(531): warning C4018: '<': signed/unsigned mismatch
d:\study\compro1\labcompro\assingment\gamev2\snake\snake\snake.cpp(555): warning C4018: '<': signed/unsigned mismatch
d:\study\compro1\labcompro\assingment\gamev2\snake\snake\snake.cpp(585): warning C4018: '<': signed/unsigned mismatch
d:\study\compro1\labcompro\assingment\gamev2\snake\snake\snake.cpp(609): warning C4018: '<': signed/unsigned mismatch
d:\study\compro1\labcompro\assingment\gamev2\snake\snake\snake.cpp(632): warning C4018: '<': signed/unsigned mismatch
d:\study\compro1\labcompro\assingment\gamev2\snake\snake\snake.cpp(655): warning C4018: '<': signed/unsigned mismatch
d:\study\compro1\labcompro\assingment\gamev2\snake\snake\snake.cpp(679): warning C4018: '<': signed/unsigned mismatch
d:\study\compro1\labcompro\assingment\gamev2\snake\snake\snake.cpp(680): warning C4244: 'argument': conversion from 'int' to 'float', possible loss of data
d:\study\compro1\labcompro\assingment\gamev2\snake\snake\snake.cpp(692): warning C4018: '<': signed/unsigned mismatch
d:\study\compro1\labcompro\assingment\gamev2\snake\snake\snake.cpp(693): warning C4244: 'argument': conversion from 'int' to 'float', possible loss of data
d:\study\compro1\labcompro\assingment\gamev2\snake\snake\snake.cpp(705): warning C4018: '<': signed/unsigned mismatch
d:\study\compro1\labcompro\assingment\gamev2\snake\snake\snake.cpp(706): warning C4244: 'argument': conversion from 'int' to 'float', possible loss of data
d:\study\compro1\labcompro\assingment\gamev2\snake\snake\snake.cpp(718): warning C4244: 'argument': conversion from 'int' to 'float', possible loss of data
d:\study\compro1\labcompro\assingment\gamev2\snake\snake\snake.cpp(727): warning C4018: '<': signed/unsigned mismatch
d:\study\compro1\labcompro\assingment\gamev2\snake\snake\snake.cpp(728): warning C4244: 'argument': conversion from 'int' to 'float', possible loss of data
d:\study\compro1\labcompro\assingment\gamev2\snake\snake\snake.cpp(736): warning C4244: 'argument': conversion from 'int' to 'float', possible loss of data
d:\study\compro1\labcompro\assingment\gamev2\snake\snake\snake.cpp(746): warning C4018: '<': signed/unsigned mismatch
d:\study\compro1\labcompro\assingment\gamev2\snake\snake\snake.cpp(747): warning C4244: 'argument': conversion from 'int' to 'float', possible loss of data
d:\study\compro1\labcompro\assingment\gamev2\snake\snake\snake.cpp(763): warning C4018: '<': signed/unsigned mismatch
d:\study\compro1\labcompro\assingment\gamev2\snake\snake\snake.cpp(764): warning C4244: 'argument': conversion from 'int' to 'float', possible loss of data
d:\study\compro1\labcompro\assingment\gamev2\snake\snake\snake.cpp(778): warning C4018: '<': signed/unsigned mismatch
d:\study\compro1\labcompro\assingment\gamev2\snake\snake\snake.cpp(779): warning C4244: 'argument': conversion from 'int' to 'float', possible loss of data
d:\study\compro1\labcompro\assingment\gamev2\snake\snake\snake.cpp(793): warning C4018: '<': signed/unsigned mismatch
d:\study\compro1\labcompro\assingment\gamev2\snake\snake\snake.cpp(794): warning C4244: 'argument': conversion from 'int' to 'float', possible loss of data
d:\study\compro1\labcompro\assingment\gamev2\snake\snake\snake.cpp(803): warning C4244: 'argument': conversion from 'int' to 'float', possible loss of data
d:\study\compro1\labcompro\assingment\gamev2\snake\snake\snake.cpp(805): warning C4244: 'argument': conversion from 'int' to 'float', possible loss of data
d:\study\compro1\labcompro\assingment\gamev2\snake\snake\snake.cpp(811): warning C4244: 'argument': conversion from 'int' to 'float', possible loss of data
d:\study\compro1\labcompro\assingment\gamev2\snake\snake\snake.cpp(821): warning C4244: 'argument': conversion from 'int' to 'float', possible loss of data
d:\study\compro1\labcompro\assingment\gamev2\snake\snake\snake.cpp(837): warning C4244: 'argument': conversion from 'int' to 'float', possible loss of data
d:\study\compro1\labcompro\assingment\gamev2\snake\snake\snake.cpp(847): warning C4244: 'argument': conversion from 'int' to 'float', possible loss of data
d:\study\compro1\labcompro\assingment\gamev2\snake\snake\snake.cpp(993): warning C4996: 'sf::Text::setColor': was declared deprecated
  d:\programs\visualstudio2015\vc\sfml-2.4.0\include\sfml\graphics\text.hpp(177): note: see declaration of 'sf::Text::setColor'
d:\study\compro1\labcompro\assingment\gamev2\snake\snake\snake.cpp(999): warning C4996: 'sf::Text::setColor': was declared deprecated
  d:\programs\visualstudio2015\vc\sfml-2.4.0\include\sfml\graphics\text.hpp(177): note: see declaration of 'sf::Text::setColor'
d:\study\compro1\labcompro\assingment\gamev2\snake\snake\snake.cpp(1005): warning C4996: 'sf::Text::setColor': was declared deprecated
  d:\programs\visualstudio2015\vc\sfml-2.4.0\include\sfml\graphics\text.hpp(177): note: see declaration of 'sf::Text::setColor'
d:\study\compro1\labcompro\assingment\gamev2\snake\snake\snake.cpp(1011): warning C4996: 'sf::Text::setColor': was declared deprecated
  d:\programs\visualstudio2015\vc\sfml-2.4.0\include\sfml\graphics\text.hpp(177): note: see declaration of 'sf::Text::setColor'
d:\study\compro1\labcompro\assingment\gamev2\snake\snake\snake.cpp(1017): warning C4996: 'sf::Text::setColor': was declared deprecated
  d:\programs\visualstudio2015\vc\sfml-2.4.0\include\sfml\graphics\text.hpp(177): note: see declaration of 'sf::Text::setColor'
d:\study\compro1\labcompro\assingment\gamev2\snake\snake\snake.cpp(1057): warning C4996: 'sf::Text::setColor': was declared deprecated
  d:\programs\visualstudio2015\vc\sfml-2.4.0\include\sfml\graphics\text.hpp(177): note: see declaration of 'sf::Text::setColor'
d:\study\compro1\labcompro\assingment\gamev2\snake\snake\snake.cpp(1063): warning C4996: 'sf::Text::setColor': was declared deprecated
  d:\programs\visualstudio2015\vc\sfml-2.4.0\include\sfml\graphics\text.hpp(177): note: see declaration of 'sf::Text::setColor'
d:\study\compro1\labcompro\assingment\gamev2\snake\snake\snake.cpp(1069): warning C4996: 'sf::Text::setColor': was declared deprecated
  d:\programs\visualstudio2015\vc\sfml-2.4.0\include\sfml\graphics\text.hpp(177): note: see declaration of 'sf::Text::setColor'
d:\study\compro1\labcompro\assingment\gamev2\snake\snake\snake.cpp(1075): warning C4996: 'sf::Text::setColor': was declared deprecated
  d:\programs\visualstudio2015\vc\sfml-2.4.0\include\sfml\graphics\text.hpp(177): note: see declaration of 'sf::Text::setColor'
d:\study\compro1\labcompro\assingment\gamev2\snake\snake\snake.cpp(1081): warning C4996: 'sf::Text::setColor': was declared deprecated
  d:\programs\visualstudio2015\vc\sfml-2.4.0\include\sfml\graphics\text.hpp(177): note: see declaration of 'sf::Text::setColor'
d:\study\compro1\labcompro\assingment\gamev2\snake\snake\snake.cpp(1097): warning C4996: 'sf::Text::setColor': was declared deprecated
  d:\programs\visualstudio2015\vc\sfml-2.4.0\include\sfml\graphics\text.hpp(177): note: see declaration of 'sf::Text::setColor'
d:\study\compro1\labcompro\assingment\gamev2\snake\snake\snake.cpp(1103): warning C4996: 'sf::Text::setColor': was declared deprecated
  d:\programs\visualstudio2015\vc\sfml-2.4.0\include\sfml\graphics\text.hpp(177): note: see declaration of 'sf::Text::setColor'
d:\study\compro1\labcompro\assingment\gamev2\snake\snake\snake.cpp(1109): warning C4996: 'sf::Text::setColor': was declared deprecated
  d:\programs\visualstudio2015\vc\sfml-2.4.0\include\sfml\graphics\text.hpp(177): note: see declaration of 'sf::Text::setColor'
d:\study\compro1\labcompro\assingment\gamev2\snake\snake\snake.cpp(1115): warning C4996: 'sf::Text::setColor': was declared deprecated
  d:\programs\visualstudio2015\vc\sfml-2.4.0\include\sfml\graphics\text.hpp(177): note: see declaration of 'sf::Text::setColor'
d:\study\compro1\labcompro\assingment\gamev2\snake\snake\snake.cpp(1121): warning C4996: 'sf::Text::setColor': was declared deprecated
  d:\programs\visualstudio2015\vc\sfml-2.4.0\include\sfml\graphics\text.hpp(177): note: see declaration of 'sf::Text::setColor'
d:\study\compro1\labcompro\assingment\gamev2\snake\snake\snake.cpp(1127): warning C4996: 'sf::Text::setColor': was declared deprecated
  d:\programs\visualstudio2015\vc\sfml-2.4.0\include\sfml\graphics\text.hpp(177): note: see declaration of 'sf::Text::setColor'
d:\study\compro1\labcompro\assingment\gamev2\snake\snake\snake.cpp(1135): warning C4996: 'sf::Text::setColor': was declared deprecated
  d:\programs\visualstudio2015\vc\sfml-2.4.0\include\sfml\graphics\text.hpp(177): note: see declaration of 'sf::Text::setColor'
d:\study\compro1\labcompro\assingment\gamev2\snake\snake\snake.cpp(1141): warning C4996: 'sf::Text::setColor': was declared deprecated
  d:\programs\visualstudio2015\vc\sfml-2.4.0\include\sfml\graphics\text.hpp(177): note: see declaration of 'sf::Text::setColor'
d:\study\compro1\labcompro\assingment\gamev2\snake\snake\snake.cpp(1147): warning C4996: 'sf::Text::setColor': was declared deprecated
  d:\programs\visualstudio2015\vc\sfml-2.4.0\include\sfml\graphics\text.hpp(177): note: see declaration of 'sf::Text::setColor'
d:\study\compro1\labcompro\assingment\gamev2\snake\snake\snake.cpp(1163): warning C4996: 'sf::Text::setColor': was declared deprecated
  d:\programs\visualstudio2015\vc\sfml-2.4.0\include\sfml\graphics\text.hpp(177): note: see declaration of 'sf::Text::setColor'
d:\study\compro1\labcompro\assingment\gamev2\snake\snake\snake.cpp(1169): warning C4996: 'sf::Text::setColor': was declared deprecated
  d:\programs\visualstudio2015\vc\sfml-2.4.0\include\sfml\graphics\text.hpp(177): note: see declaration of 'sf::Text::setColor'
d:\study\compro1\labcompro\assingment\gamev2\snake\snake\snake.cpp(1175): warning C4996: 'sf::Text::setColor': was declared deprecated
  d:\programs\visualstudio2015\vc\sfml-2.4.0\include\sfml\graphics\text.hpp(177): note: see declaration of 'sf::Text::setColor'
d:\study\compro1\labcompro\assingment\gamev2\snake\snake\snake.cpp(1191): warning C4996: 'sf::Text::setColor': was declared deprecated
  d:\programs\visualstudio2015\vc\sfml-2.4.0\include\sfml\graphics\text.hpp(177): note: see declaration of 'sf::Text::setColor'
d:\study\compro1\labcompro\assingment\gamev2\snake\snake\snake.cpp(1198): warning C4996: 'sf::Text::setColor': was declared deprecated
  d:\programs\visualstudio2015\vc\sfml-2.4.0\include\sfml\graphics\text.hpp(177): note: see declaration of 'sf::Text::setColor'
d:\study\compro1\labcompro\assingment\gamev2\snake\snake\snake.cpp(1205): warning C4996: 'sf::Text::setColor': was declared deprecated
  d:\programs\visualstudio2015\vc\sfml-2.4.0\include\sfml\graphics\text.hpp(177): note: see declaration of 'sf::Text::setColor'
d:\study\compro1\labcompro\assingment\gamev2\snake\snake\snake.cpp(1211): warning C4996: 'sf::Text::setColor': was declared deprecated
  d:\programs\visualstudio2015\vc\sfml-2.4.0\include\sfml\graphics\text.hpp(177): note: see declaration of 'sf::Text::setColor'
d:\study\compro1\labcompro\assingment\gamev2\snake\snake\snake.cpp(1217): warning C4996: 'sf::Text::setColor': was declared deprecated
  d:\programs\visualstudio2015\vc\sfml-2.4.0\include\sfml\graphics\text.hpp(177): note: see declaration of 'sf::Text::setColor'
d:\study\compro1\labcompro\assingment\gamev2\snake\snake\snake.cpp(1223): warning C4996: 'sf::Text::setColor': was declared deprecated
  d:\programs\visualstudio2015\vc\sfml-2.4.0\include\sfml\graphics\text.hpp(177): note: see declaration of 'sf::Text::setColor'
d:\study\compro1\labcompro\assingment\gamev2\snake\snake\snake.cpp(1229): warning C4996: 'sf::Text::setColor': was declared deprecated
  d:\programs\visualstudio2015\vc\sfml-2.4.0\include\sfml\graphics\text.hpp(177): note: see declaration of 'sf::Text::setColor'
d:\study\compro1\labcompro\assingment\gamev2\snake\snake\snake.cpp(1235): warning C4996: 'sf::Text::setColor': was declared deprecated
  d:\programs\visualstudio2015\vc\sfml-2.4.0\include\sfml\graphics\text.hpp(177): note: see declaration of 'sf::Text::setColor'
d:\study\compro1\labcompro\assingment\gamev2\snake\snake\snake.cpp(1522): warning C4244: '=': conversion from 'time_t' to 'int', possible loss of data
d:\study\compro1\labcompro\assingment\gamev2\snake\snake\snake.cpp(179): warning C4715: 'check_coliation': not all control paths return a value
d:\study\compro1\labcompro\assingment\gamev2\snake\snake\snake.cpp(329): warning C4715: 'create_food': not all control paths return a value
d:\study\compro1\labcompro\assingment\gamev2\snake\snake\snake.cpp(349): warning C4715: 'create_bomb': not all control paths return a value
  Snake.vcxproj -> D:\Study\compro1\labcompro\Assingment\GameV2\Snake\Debug\Snake.exe
  Snake.vcxproj -> D:\Study\compro1\labcompro\Assingment\GameV2\Snake\Debug\Snake.pdb (Full PDB)
